[debug] [2021-10-09T12:04:03.723Z] ----------------------------------------------------------------------
[debug] [2021-10-09T12:04:03.726Z] Command:       C:\Program Files\nodejs\node.exe C:\Program Files\nodejs\node_modules\firebase-tools\lib\bin\firebase.js init
[debug] [2021-10-09T12:04:03.727Z] CLI Version:   9.20.0
[debug] [2021-10-09T12:04:03.727Z] Platform:      win32
[debug] [2021-10-09T12:04:03.728Z] Node Version:  v14.15.0
[debug] [2021-10-09T12:04:03.729Z] Time:          Sat Oct 09 2021 17:34:03 GMT+0530 (India Standard Time)
[debug] [2021-10-09T12:04:03.729Z] ----------------------------------------------------------------------
[debug] 
[debug] [2021-10-09T12:04:03.735Z] >>> [apiv2][query] GET https://firebase-public.firebaseio.com/cli.json [none]
[debug] [2021-10-09T12:04:03.881Z] > command requires scopes: ["email","openid","https://www.googleapis.com/auth/cloudplatformprojects.readonly","https://www.googleapis.com/auth/firebase","https://www.googleapis.com/auth/cloud-platform"]
[debug] [2021-10-09T12:04:03.882Z] > authorizing via signed-in user (priyesh.pandey321@gmail.com)
[info] 
     ######## #### ########  ######## ########     ###     ######  ########
     ##        ##  ##     ## ##       ##     ##  ##   ##  ##       ##
     ######    ##  ########  ######   ########  #########  ######  ######
     ##        ##  ##    ##  ##       ##     ## ##     ##       ## ##
     ##       #### ##     ## ######## ########  ##     ##  ######  ########

You're about to initialize a Firebase project in this directory:

  F:\angular-drag-and-drop-file-upload-master

Before we get started, keep in mind:

  * You are initializing within an existing Firebase project directory

[debug] [2021-10-09T12:04:05.454Z] <<< [apiv2][status] GET https://firebase-public.firebaseio.com/cli.json 200
[debug] [2021-10-09T12:04:05.454Z] <<< [apiv2][body] GET https://firebase-public.firebaseio.com/cli.json {"cloudBuildErrorAfter":1594252800000,"cloudBuildWarnAfter":1590019200000,"defaultNode10After":1594252800000,"minVersion":"3.0.5","node8DeploysDisabledAfter":1613390400000,"node8RuntimeDisabledAfter":1615809600000,"node8WarnAfter":1600128000000}
